1488812940.652408 client started (86506): socket /private/tmp/tmux-501/default, protocol 8
1488812940.652450 on Darwin 16.4.0 Darwin Kernel Version 16.4.0: Thu Dec 22 22:53:21 PST 2016; root:xnu-3789.41.3~3/RELEASE_X86_64; libevent 2.0.22-stable (select)
1488812940.652491 socket is /private/tmp/tmux-501/default
1488812940.652506 trying connect
1488812940.652631 add peer 0x7fd13281e600: 6 (0x0)
1488812940.653982 sending message 100 to peer 0x7fd13281e600 (4 bytes)
1488812940.654012 sending message 101 to peer 0x7fd13281e600 (15 bytes)
1488812940.654017 sending message 102 to peer 0x7fd13281e600 (13 bytes)
1488812940.654021 sending message 108 to peer 0x7fd13281e600 (27 bytes)
1488812940.654039 sending message 104 to peer 0x7fd13281e600 (0 bytes)
1488812940.654045 sending message 107 to peer 0x7fd13281e600 (4 bytes)
1488812940.654049 sending message 105 to peer 0x7fd13281e600 (11 bytes)
1488812940.654053 sending message 105 to peer 0x7fd13281e600 (76 bytes)
1488812940.654057 sending message 105 to peer 0x7fd13281e600 (14 bytes)
1488812940.654060 sending message 105 to peer 0x7fd13281e600 (22 bytes)
1488812940.654064 sending message 105 to peer 0x7fd13281e600 (75 bytes)
1488812940.654068 sending message 105 to peer 0x7fd13281e600 (35 bytes)
1488812940.654120 sending message 105 to peer 0x7fd13281e600 (17 bytes)
1488812940.654132 sending message 105 to peer 0x7fd13281e600 (11 bytes)
1488812940.654136 sending message 105 to peer 0x7fd13281e600 (28 bytes)
1488812940.654140 sending message 105 to peer 0x7fd13281e600 (23 bytes)
1488812940.654144 sending message 105 to peer 0x7fd13281e600 (67 bytes)
1488812940.654148 sending message 105 to peer 0x7fd13281e600 (13 bytes)
1488812940.654152 sending message 105 to peer 0x7fd13281e600 (22 bytes)
1488812940.654155 sending message 105 to peer 0x7fd13281e600 (61 bytes)
1488812940.654159 sending message 105 to peer 0x7fd13281e600 (17 bytes)
1488812940.654163 sending message 105 to peer 0x7fd13281e600 (19 bytes)
1488812940.654166 sending message 105 to peer 0x7fd13281e600 (49 bytes)
1488812940.654170 sending message 105 to peer 0x7fd13281e600 (23 bytes)
1488812940.654174 sending message 105 to peer 0x7fd13281e600 (24 bytes)
1488812940.654177 sending message 105 to peer 0x7fd13281e600 (20 bytes)
1488812940.654181 sending message 105 to peer 0x7fd13281e600 (28 bytes)
1488812940.654184 sending message 105 to peer 0x7fd13281e600 (25 bytes)
1488812940.654188 sending message 105 to peer 0x7fd13281e600 (24 bytes)
1488812940.654193 sending message 105 to peer 0x7fd13281e600 (2142 bytes)
1488812940.654198 sending message 105 to peer 0x7fd13281e600 (64 bytes)
1488812940.654201 sending message 105 to peer 0x7fd13281e600 (31 bytes)
1488812940.654205 sending message 105 to peer 0x7fd13281e600 (17 bytes)
1488812940.654209 sending message 105 to peer 0x7fd13281e600 (13 bytes)
1488812940.654212 sending message 105 to peer 0x7fd13281e600 (24 bytes)
1488812940.654216 sending message 105 to peer 0x7fd13281e600 (26 bytes)
1488812940.654220 sending message 105 to peer 0x7fd13281e600 (8 bytes)
1488812940.654223 sending message 105 to peer 0x7fd13281e600 (66 bytes)
1488812940.654227 sending message 105 to peer 0x7fd13281e600 (20 bytes)
1488812940.654231 sending message 105 to peer 0x7fd13281e600 (23 bytes)
1488812940.654234 sending message 105 to peer 0x7fd13281e600 (28 bytes)
1488812940.654238 sending message 105 to peer 0x7fd13281e600 (60 bytes)
1488812940.654242 sending message 105 to peer 0x7fd13281e600 (57 bytes)
1488812940.654245 sending message 105 to peer 0x7fd13281e600 (43 bytes)
1488812940.654249 sending message 105 to peer 0x7fd13281e600 (13 bytes)
1488812940.654253 sending message 105 to peer 0x7fd13281e600 (58 bytes)
1488812940.654256 sending message 105 to peer 0x7fd13281e600 (16 bytes)
1488812940.654260 sending message 105 to peer 0x7fd13281e600 (19 bytes)
1488812940.654264 sending message 105 to peer 0x7fd13281e600 (14 bytes)
1488812940.654267 sending message 105 to peer 0x7fd13281e600 (19 bytes)
1488812940.654271 sending message 105 to peer 0x7fd13281e600 (34 bytes)
1488812940.654274 sending message 105 to peer 0x7fd13281e600 (11 bytes)
1488812940.654296 sending message 105 to peer 0x7fd13281e600 (12 bytes)
1488812940.654300 sending message 105 to peer 0x7fd13281e600 (13 bytes)
1488812940.654303 sending message 105 to peer 0x7fd13281e600 (13 bytes)
1488812940.654307 sending message 105 to peer 0x7fd13281e600 (13 bytes)
1488812940.654311 sending message 105 to peer 0x7fd13281e600 (17 bytes)
1488812940.654314 sending message 105 to peer 0x7fd13281e600 (15 bytes)
1488812940.654318 sending message 106 to peer 0x7fd13281e600 (0 bytes)
1488812940.654329 sending message 200 to peer 0x7fd13281e600 (4 bytes)
1488812940.654334 client loop enter
1488812940.655765 peer 0x7fd13281e600 message 211
1488812940.655790 peer 0x7fd13281e600 message 203
1488812940.655795 client loop exit
